<?xml version="1.0" encoding="UTF-8"?>
<testng-results ignored="0" total="2" passed="1" failed="1" skipped="0">
  <reporter-output>
  </reporter-output>
  <suite started-at="2022-08-19T13:25:49 WAT" name="Suite" finished-at="2022-08-19T13:26:05 WAT" duration-ms="15993">
    <groups>
      <group name="Smoke">
        <method signature="IndexPageTest.VerifyLogo()[pri:0, instance:com.MyStore.TestCases.IndexPageTest@18df8434]" name="VerifyLogo" class="com.MyStore.TestCases.IndexPageTest"/>
        <method signature="IndexPageTest.VerifyTitle()[pri:0, instance:com.MyStore.TestCases.IndexPageTest@18df8434]" name="VerifyTitle" class="com.MyStore.TestCases.IndexPageTest"/>
      </group> <!-- Smoke -->
    </groups>
    <test started-at="2022-08-19T13:25:49 WAT" name="Smoke" finished-at="2022-08-19T13:26:05 WAT" duration-ms="15993">
      <class name="com.MyStore.TestCases.IndexPageTest">
        <test-method is-config="true" signature="loadConfig()[pri:0, instance:com.MyStore.TestCases.IndexPageTest@18df8434]" started-at="2022-08-19T13:25:49 WAT" name="loadConfig" finished-at="2022-08-19T13:25:49 WAT" duration-ms="241" status="PASS">
          <reporter-output>
          </reporter-output>
        </test-method> <!-- loadConfig -->
        <test-method is-config="true" signature="setup(java.lang.String)[pri:0, instance:com.MyStore.TestCases.IndexPageTest@18df8434]" started-at="2022-08-19T13:25:49 WAT" name="setup" finished-at="2022-08-19T13:25:57 WAT" duration-ms="7989" status="PASS">
          <params>
            <param index="0">
              <value>
                <![CDATA[Chrome]]>
              </value>
            </param>
          </params>
          <reporter-output>
          </reporter-output>
        </test-method> <!-- setup -->
        <test-method signature="VerifyLogo()[pri:0, instance:com.MyStore.TestCases.IndexPageTest@18df8434]" started-at="2022-08-19T13:25:57 WAT" name="VerifyLogo" finished-at="2022-08-19T13:25:57 WAT" duration-ms="102" status="PASS">
          <reporter-output>
          </reporter-output>
        </test-method> <!-- VerifyLogo -->
        <test-method is-config="true" signature="TearDown()[pri:0, instance:com.MyStore.TestCases.IndexPageTest@18df8434]" started-at="2022-08-19T13:25:57 WAT" name="TearDown" finished-at="2022-08-19T13:25:58 WAT" duration-ms="317" status="PASS">
          <reporter-output>
          </reporter-output>
        </test-method> <!-- TearDown -->
        <test-method is-config="true" signature="setup(java.lang.String)[pri:0, instance:com.MyStore.TestCases.IndexPageTest@18df8434]" started-at="2022-08-19T13:25:58 WAT" name="setup" finished-at="2022-08-19T13:26:05 WAT" duration-ms="6833" status="PASS">
          <params>
            <param index="0">
              <value>
                <![CDATA[Chrome]]>
              </value>
            </param>
          </params>
          <reporter-output>
          </reporter-output>
        </test-method> <!-- setup -->
        <test-method signature="VerifyTitle()[pri:0, instance:com.MyStore.TestCases.IndexPageTest@18df8434]" started-at="2022-08-19T13:26:05 WAT" name="VerifyTitle" finished-at="2022-08-19T13:26:05 WAT" duration-ms="9" status="FAIL">
          <exception class="java.lang.AssertionError">
            <message>
              <![CDATA[expected [My Store1] but found [My Store]]]>
            </message>
            <full-stacktrace>
              <![CDATA[java.lang.AssertionError: expected [My Store1] but found [My Store]
at org.testng.Assert.fail(Assert.java:99)
at org.testng.Assert.failNotEquals(Assert.java:1037)
at org.testng.Assert.assertEqualsImpl(Assert.java:140)
at org.testng.Assert.assertEquals(Assert.java:122)
at org.testng.Assert.assertEquals(Assert.java:629)
at org.testng.Assert.assertEquals(Assert.java:639)
at com.MyStore.TestCases.IndexPageTest.VerifyTitle(IndexPageTest.java:52)
at java.base/jdk.internal.reflect.NativeMethodAccessorImpl.invoke0(Native Method)
at java.base/jdk.internal.reflect.NativeMethodAccessorImpl.invoke(NativeMethodAccessorImpl.java:77)
at java.base/jdk.internal.reflect.DelegatingMethodAccessorImpl.invoke(DelegatingMethodAccessorImpl.java:43)
at java.base/java.lang.reflect.Method.invoke(Method.java:568)
at org.testng.internal.MethodInvocationHelper.invokeMethod(MethodInvocationHelper.java:133)
at org.testng.internal.TestInvoker.invokeMethod(TestInvoker.java:598)
at org.testng.internal.TestInvoker.invokeTestMethod(TestInvoker.java:173)
at org.testng.internal.MethodRunner.runInSequence(MethodRunner.java:46)
at org.testng.internal.TestInvoker$MethodInvocationAgent.invoke(TestInvoker.java:824)
at org.testng.internal.TestInvoker.invokeTestMethods(TestInvoker.java:146)
at org.testng.internal.TestMethodWorker.invokeTestMethods(TestMethodWorker.java:146)
at org.testng.internal.TestMethodWorker.run(TestMethodWorker.java:128)
at java.base/java.util.ArrayList.forEach(ArrayList.java:1511)
at org.testng.TestRunner.privateRun(TestRunner.java:794)
at org.testng.TestRunner.run(TestRunner.java:596)
at org.testng.SuiteRunner.runTest(SuiteRunner.java:377)
at org.testng.SuiteRunner.runSequentially(SuiteRunner.java:371)
at org.testng.SuiteRunner.privateRun(SuiteRunner.java:332)
at org.testng.SuiteRunner.run(SuiteRunner.java:276)
at org.testng.SuiteRunnerWorker.runSuite(SuiteRunnerWorker.java:53)
at org.testng.SuiteRunnerWorker.run(SuiteRunnerWorker.java:96)
at org.testng.TestNG.runSuitesSequentially(TestNG.java:1212)
at org.testng.TestNG.runSuitesLocally(TestNG.java:1134)
at org.testng.TestNG.runSuites(TestNG.java:1063)
at org.testng.TestNG.run(TestNG.java:1031)
at org.testng.remote.AbstractRemoteTestNG.run(AbstractRemoteTestNG.java:115)
at org.testng.remote.RemoteTestNG.initAndRun(RemoteTestNG.java:251)
at org.testng.remote.RemoteTestNG.main(RemoteTestNG.java:77)
]]>
            </full-stacktrace>
          </exception> <!-- java.lang.AssertionError -->
          <reporter-output>
          </reporter-output>
        </test-method> <!-- VerifyTitle -->
        <test-method is-config="true" signature="TearDown()[pri:0, instance:com.MyStore.TestCases.IndexPageTest@18df8434]" started-at="2022-08-19T13:26:05 WAT" name="TearDown" finished-at="2022-08-19T13:26:05 WAT" duration-ms="232" status="PASS">
          <reporter-output>
          </reporter-output>
        </test-method> <!-- TearDown -->
        <test-method is-config="true" signature="exreport()[pri:0, instance:com.MyStore.TestCases.IndexPageTest@18df8434]" started-at="2022-08-19T13:26:05 WAT" name="exreport" finished-at="2022-08-19T13:26:06 WAT" duration-ms="292" status="PASS">
          <reporter-output>
          </reporter-output>
        </test-method> <!-- exreport -->
      </class> <!-- com.MyStore.TestCases.IndexPageTest -->
    </test> <!-- Smoke -->
  </suite> <!-- Suite -->
</testng-results>
