<?xml version="1.0" encoding="UTF-8"?>
<!-- Generated by org.testng.reporters.JUnitXMLReporter -->
<testsuite ignored="14" hostname="TALAN-7N2T0B5" failures="0" tests="3" name="Test_Regression" time="6.698" errors="0" timestamp="2022-08-18T15:57:15 WAT">
  <testcase classname="com.MyStore.TestCases.OrdrePageTest" name="@BeforeMethod setup" time="2.339">
    <failure type="java.lang.NullPointerException" message="Cannot invoke &amp;quot;java.util.Properties.getProperty(String)&amp;quot; because &amp;quot;com.MyStore.base.BaseClass.prop&amp;quot; is null">
      <![CDATA[java.lang.NullPointerException: Cannot invoke "java.util.Properties.getProperty(String)" because "com.MyStore.base.BaseClass.prop" is null
at com.MyStore.base.BaseClass.launchApp(BaseClass.java:80)
at com.MyStore.TestCases.OrdrePageTest.setup(OrdrePageTest.java:29)
at java.base/java.util.ArrayList.forEach(ArrayList.java:1511)
... Removed 31 stack frames]]>
    </failure>
  </testcase> <!-- @BeforeMethod setup -->
  <testcase classname="com.MyStore.TestCases.OrdrePageTest" name="@AfterMethod TearDown" time="-1.660834631822E9">
    <skipped/>
  </testcase> <!-- @AfterMethod TearDown -->
  <testcase classname="com.MyStore.TestCases.AddToCartPageTest" name="@BeforeMethod setup" time="2.205">
    <failure type="java.lang.NullPointerException" message="Cannot invoke &amp;quot;java.util.Properties.getProperty(String)&amp;quot; because &amp;quot;com.MyStore.base.BaseClass.prop&amp;quot; is null">
      <![CDATA[java.lang.NullPointerException: Cannot invoke "java.util.Properties.getProperty(String)" because "com.MyStore.base.BaseClass.prop" is null
at com.MyStore.base.BaseClass.launchApp(BaseClass.java:80)
at com.MyStore.TestCases.AddToCartPageTest.setup(AddToCartPageTest.java:26)
at java.base/java.util.ArrayList.forEach(ArrayList.java:1511)
... Removed 31 stack frames]]>
    </failure>
  </testcase> <!-- @BeforeMethod setup -->
  <testcase classname="com.MyStore.TestCases.AddToCartPageTest" name="@AfterMethod TearDown" time="-1.660834634102E9">
    <skipped/>
  </testcase> <!-- @AfterMethod TearDown -->
  <testcase classname="com.MyStore.TestCases.EndToEndTest" name="@BeforeMethod setup" time="1.385">
    <failure type="java.lang.NullPointerException" message="Cannot invoke &amp;quot;java.util.Properties.getProperty(String)&amp;quot; because &amp;quot;com.MyStore.base.BaseClass.prop&amp;quot; is null">
      <![CDATA[java.lang.NullPointerException: Cannot invoke "java.util.Properties.getProperty(String)" because "com.MyStore.base.BaseClass.prop" is null
at com.MyStore.base.BaseClass.launchApp(BaseClass.java:80)
at com.MyStore.TestCases.EndToEndTest.setup(EndToEndTest.java:42)
at java.base/java.util.ArrayList.forEach(ArrayList.java:1511)
... Removed 31 stack frames]]>
    </failure>
  </testcase> <!-- @BeforeMethod setup -->
  <testcase classname="com.MyStore.TestCases.EndToEndTest" name="@AfterMethod TearDown" time="-1.660834635564E9">
    <skipped/>
  </testcase> <!-- @AfterMethod TearDown -->
  <testcase classname="com.MyStore.TestCases.OrdrePageTest" name="ValidateUnitPrice" time="0.0">
    <skipped/>
  </testcase> <!-- ValidateUnitPrice -->
  <testcase classname="com.MyStore.TestCases.AddToCartPageTest" name="addToCartTest" time="0.0">
    <skipped/>
  </testcase> <!-- addToCartTest -->
  <testcase classname="com.MyStore.TestCases.EndToEndTest" name="endToEndTest" time="0.0">
    <skipped/>
  </testcase> <!-- endToEndTest -->
  <testcase classname="com.MyStore.TestCases.HomePageTest" name="WishListTest" time="0.0">
    <ignored/>
  </testcase> <!-- WishListTest -->
  <testcase classname="com.MyStore.TestCases.SearchResultPageTest" name="VerifyProduct" time="0.0">
    <ignored/>
  </testcase> <!-- VerifyProduct -->
  <testcase classname="com.MyStore.TestCases.HomePageTest" name="OrderHistoryTest" time="0.0">
    <ignored/>
  </testcase> <!-- OrderHistoryTest -->
  <testcase classname="com.MyStore.TestCases.IndexPageTest" name="VerifyTitle" time="0.0">
    <ignored/>
  </testcase> <!-- VerifyTitle -->
  <testcase classname="com.MyStore.TestCases.LoginPageTest" name="LoginTest" time="0.0">
    <ignored/>
  </testcase> <!-- LoginTest -->
  <testcase classname="com.MyStore.TestCases.IndexPageTest" name="VerifyLogo" time="0.0">
    <ignored/>
  </testcase> <!-- VerifyLogo -->
  <testcase classname="com.MyStore.base.BaseClass" name="@BeforeSuite log" time="0.0">
    <ignored/>
  </testcase> <!-- @BeforeSuite log -->
  <testcase classname="com.MyStore.base.BaseClass" name="@BeforeSuite log" time="0.0">
    <ignored/>
  </testcase> <!-- @BeforeSuite log -->
  <testcase classname="com.MyStore.base.BaseClass" name="@BeforeSuite log" time="0.0">
    <ignored/>
  </testcase> <!-- @BeforeSuite log -->
  <testcase classname="com.MyStore.base.BaseClass" name="@BeforeSuite log" time="0.0">
    <ignored/>
  </testcase> <!-- @BeforeSuite log -->
  <testcase classname="com.MyStore.base.BaseClass" name="@BeforeSuite log" time="0.0">
    <ignored/>
  </testcase> <!-- @BeforeSuite log -->
  <testcase classname="com.MyStore.base.BaseClass" name="@BeforeSuite log" time="0.0">
    <ignored/>
  </testcase> <!-- @BeforeSuite log -->
  <testcase classname="com.MyStore.base.BaseClass" name="@BeforeSuite log" time="0.0">
    <ignored/>
  </testcase> <!-- @BeforeSuite log -->
  <testcase classname="com.MyStore.TestCases.AccountCreationPageTest" name="VerifyCreatAcountPageTest" time="0.0">
    <ignored/>
  </testcase> <!-- VerifyCreatAcountPageTest -->
</testsuite> <!-- Test_Regression -->
