<?xml version="1.0" encoding="UTF-8"?>
<!-- Generated by org.testng.reporters.JUnitXMLReporter -->
<testsuite ignored="14" hostname="TALAN-7N2T0B5" failures="0" tests="10" name="Test_All" time="1.075" errors="0" timestamp="2022-08-18T15:56:32 WAT">
  <testcase classname="com.MyStore.TestCases.IndexPageTest" name="@BeforeMethod setup" time="-1.6608345918E9">
    <failure type="org.testng.TestNGException" message="
Parameter &amp;apos;browser&amp;apos; is required by BeforeMethod on method setup but has not been marked @Optional or defined
in C:\Users\sberrais\Desktop\project\testng_all.xml">
      <![CDATA[org.testng.TestNGException: 
Parameter 'browser' is required by BeforeMethod on method setup but has not been marked @Optional or defined
in C:\Users\sberrais\Desktop\project\testng_all.xml
at java.base/java.util.ArrayList.forEach(ArrayList.java:1511)
... Removed 28 stack frames]]>
    </failure>
  </testcase> <!-- @BeforeMethod setup -->
  <testcase classname="com.MyStore.TestCases.IndexPageTest" name="@AfterMethod TearDown" time="-1.660834591816E9">
    <skipped/>
  </testcase> <!-- @AfterMethod TearDown -->
  <testcase classname="com.MyStore.TestCases.IndexPageTest" name="@BeforeMethod setup" time="-1.660834591818E9">
    <skipped/>
  </testcase> <!-- @BeforeMethod setup -->
  <testcase classname="com.MyStore.TestCases.IndexPageTest" name="@AfterMethod TearDown" time="-1.660834591822E9">
    <skipped/>
  </testcase> <!-- @AfterMethod TearDown -->
  <testcase classname="com.MyStore.TestCases.OrdrePageTest" name="@BeforeMethod setup" time="-1.660834592392E9">
    <failure type="org.testng.TestNGException" message="
Parameter &amp;apos;browser&amp;apos; is required by BeforeMethod on method setup but has not been marked @Optional or defined
in C:\Users\sberrais\Desktop\project\testng_all.xml">
      <![CDATA[org.testng.TestNGException: 
Parameter 'browser' is required by BeforeMethod on method setup but has not been marked @Optional or defined
in C:\Users\sberrais\Desktop\project\testng_all.xml
at java.base/java.util.ArrayList.forEach(ArrayList.java:1511)
... Removed 28 stack frames]]>
    </failure>
  </testcase> <!-- @BeforeMethod setup -->
  <testcase classname="com.MyStore.TestCases.OrdrePageTest" name="@AfterMethod TearDown" time="-1.6608345924E9">
    <skipped/>
  </testcase> <!-- @AfterMethod TearDown -->
  <testcase classname="com.MyStore.TestCases.HomePageTest" name="@BeforeMethod setup" time="-1.660834592487E9">
    <failure type="org.testng.TestNGException" message="
Parameter &amp;apos;browser&amp;apos; is required by BeforeMethod on method setup but has not been marked @Optional or defined
in C:\Users\sberrais\Desktop\project\testng_all.xml">
      <![CDATA[org.testng.TestNGException: 
Parameter 'browser' is required by BeforeMethod on method setup but has not been marked @Optional or defined
in C:\Users\sberrais\Desktop\project\testng_all.xml
at java.base/java.util.ArrayList.forEach(ArrayList.java:1511)
... Removed 28 stack frames]]>
    </failure>
  </testcase> <!-- @BeforeMethod setup -->
  <testcase classname="com.MyStore.TestCases.HomePageTest" name="@AfterMethod TearDown" time="-1.660834592497E9">
    <skipped/>
  </testcase> <!-- @AfterMethod TearDown -->
  <testcase classname="com.MyStore.TestCases.HomePageTest" name="@BeforeMethod setup" time="-1.660834592545E9">
    <skipped/>
  </testcase> <!-- @BeforeMethod setup -->
  <testcase classname="com.MyStore.TestCases.HomePageTest" name="@AfterMethod TearDown" time="-1.660834592551E9">
    <skipped/>
  </testcase> <!-- @AfterMethod TearDown -->
  <testcase classname="com.MyStore.TestCases.AddToCartPageTest" name="@BeforeMethod setup" time="-1.660834592594E9">
    <failure type="org.testng.TestNGException" message="
Parameter &amp;apos;browser&amp;apos; is required by BeforeMethod on method setup but has not been marked @Optional or defined
in C:\Users\sberrais\Desktop\project\testng_all.xml">
      <![CDATA[org.testng.TestNGException: 
Parameter 'browser' is required by BeforeMethod on method setup but has not been marked @Optional or defined
in C:\Users\sberrais\Desktop\project\testng_all.xml
at java.base/java.util.ArrayList.forEach(ArrayList.java:1511)
... Removed 28 stack frames]]>
    </failure>
  </testcase> <!-- @BeforeMethod setup -->
  <testcase classname="com.MyStore.TestCases.AddToCartPageTest" name="@AfterMethod TearDown" time="-1.660834592602E9">
    <skipped/>
  </testcase> <!-- @AfterMethod TearDown -->
  <testcase classname="com.MyStore.TestCases.SearchResultPageTest" name="@BeforeMethod setup" time="-1.660834592657E9">
    <failure type="org.testng.TestNGException" message="
Parameter &amp;apos;browser&amp;apos; is required by BeforeMethod on method setup but has not been marked @Optional or defined
in C:\Users\sberrais\Desktop\project\testng_all.xml">
      <![CDATA[org.testng.TestNGException: 
Parameter 'browser' is required by BeforeMethod on method setup but has not been marked @Optional or defined
in C:\Users\sberrais\Desktop\project\testng_all.xml
at java.base/java.util.ArrayList.forEach(ArrayList.java:1511)
... Removed 28 stack frames]]>
    </failure>
  </testcase> <!-- @BeforeMethod setup -->
  <testcase classname="com.MyStore.TestCases.SearchResultPageTest" name="@AfterMethod TearDown" time="-1.660834592671E9">
    <skipped/>
  </testcase> <!-- @AfterMethod TearDown -->
  <testcase classname="com.MyStore.TestCases.LoginPageTest" name="@BeforeMethod setup" time="-1.660834592721E9">
    <failure type="org.testng.TestNGException" message="
Parameter &amp;apos;browser&amp;apos; is required by BeforeMethod on method setup but has not been marked @Optional or defined
in C:\Users\sberrais\Desktop\project\testng_all.xml">
      <![CDATA[org.testng.TestNGException: 
Parameter 'browser' is required by BeforeMethod on method setup but has not been marked @Optional or defined
in C:\Users\sberrais\Desktop\project\testng_all.xml
at java.base/java.util.ArrayList.forEach(ArrayList.java:1511)
... Removed 28 stack frames]]>
    </failure>
  </testcase> <!-- @BeforeMethod setup -->
  <testcase classname="com.MyStore.TestCases.LoginPageTest" name="@AfterMethod TearDown" time="-1.660834592727E9">
    <skipped/>
  </testcase> <!-- @AfterMethod TearDown -->
  <testcase classname="com.MyStore.TestCases.AccountCreationPageTest" name="@BeforeMethod setup" time="-1.660834592772E9">
    <failure type="org.testng.TestNGException" message="
Parameter &amp;apos;browser&amp;apos; is required by BeforeMethod on method setup but has not been marked @Optional or defined
in C:\Users\sberrais\Desktop\project\testng_all.xml">
      <![CDATA[org.testng.TestNGException: 
Parameter 'browser' is required by BeforeMethod on method setup but has not been marked @Optional or defined
in C:\Users\sberrais\Desktop\project\testng_all.xml
at java.base/java.util.ArrayList.forEach(ArrayList.java:1511)
... Removed 28 stack frames]]>
    </failure>
  </testcase> <!-- @BeforeMethod setup -->
  <testcase classname="com.MyStore.TestCases.AccountCreationPageTest" name="@AfterMethod TearDown" time="-1.660834592778E9">
    <skipped/>
  </testcase> <!-- @AfterMethod TearDown -->
  <testcase classname="com.MyStore.TestCases.EndToEndTest" name="@BeforeMethod setup" time="-1.660834592833E9">
    <failure type="org.testng.TestNGException" message="
Parameter &amp;apos;browser&amp;apos; is required by BeforeMethod on method setup but has not been marked @Optional or defined
in C:\Users\sberrais\Desktop\project\testng_all.xml">
      <![CDATA[org.testng.TestNGException: 
Parameter 'browser' is required by BeforeMethod on method setup but has not been marked @Optional or defined
in C:\Users\sberrais\Desktop\project\testng_all.xml
at java.base/java.util.ArrayList.forEach(ArrayList.java:1511)
... Removed 28 stack frames]]>
    </failure>
  </testcase> <!-- @BeforeMethod setup -->
  <testcase classname="com.MyStore.TestCases.EndToEndTest" name="@AfterMethod TearDown" time="-1.660834592838E9">
    <skipped/>
  </testcase> <!-- @AfterMethod TearDown -->
  <testcase classname="com.MyStore.TestCases.IndexPageTest" name="VerifyLogo" time="0.0">
    <skipped/>
  </testcase> <!-- VerifyLogo -->
  <testcase classname="com.MyStore.TestCases.IndexPageTest" name="VerifyTitle" time="0.0">
    <skipped/>
  </testcase> <!-- VerifyTitle -->
  <testcase classname="com.MyStore.TestCases.OrdrePageTest" name="ValidateUnitPrice" time="0.0">
    <skipped/>
  </testcase> <!-- ValidateUnitPrice -->
  <testcase classname="com.MyStore.TestCases.HomePageTest" name="OrderHistoryTest" time="0.0">
    <skipped/>
  </testcase> <!-- OrderHistoryTest -->
  <testcase classname="com.MyStore.TestCases.HomePageTest" name="WishListTest" time="0.0">
    <skipped/>
  </testcase> <!-- WishListTest -->
  <testcase classname="com.MyStore.TestCases.AddToCartPageTest" name="addToCartTest" time="0.0">
    <skipped/>
  </testcase> <!-- addToCartTest -->
  <testcase classname="com.MyStore.TestCases.SearchResultPageTest" name="VerifyProduct" time="0.0">
    <skipped/>
  </testcase> <!-- VerifyProduct -->
  <testcase classname="com.MyStore.TestCases.LoginPageTest" name="LoginTest" time="0.0">
    <skipped/>
  </testcase> <!-- LoginTest -->
  <testcase classname="com.MyStore.TestCases.AccountCreationPageTest" name="VerifyCreatAcountPageTest" time="0.0">
    <skipped/>
  </testcase> <!-- VerifyCreatAcountPageTest -->
  <testcase classname="com.MyStore.TestCases.EndToEndTest" name="endToEndTest" time="0.0">
    <skipped/>
  </testcase> <!-- endToEndTest -->
  <testcase classname="com.MyStore.base.BaseClass" name="@BeforeSuite log" time="0.0">
    <ignored/>
  </testcase> <!-- @BeforeSuite log -->
  <testcase classname="com.MyStore.base.BaseClass" name="@BeforeSuite log" time="0.0">
    <ignored/>
  </testcase> <!-- @BeforeSuite log -->
  <testcase classname="com.MyStore.base.BaseClass" name="@BeforeSuite log" time="0.0">
    <ignored/>
  </testcase> <!-- @BeforeSuite log -->
  <testcase classname="com.MyStore.base.BaseClass" name="@BeforeSuite log" time="0.0">
    <ignored/>
  </testcase> <!-- @BeforeSuite log -->
  <testcase classname="com.MyStore.base.BaseClass" name="@BeforeSuite log" time="0.0">
    <ignored/>
  </testcase> <!-- @BeforeSuite log -->
  <testcase classname="com.MyStore.base.BaseClass" name="@BeforeSuite log" time="0.0">
    <ignored/>
  </testcase> <!-- @BeforeSuite log -->
  <testcase classname="com.MyStore.base.BaseClass" name="@BeforeSuite log" time="0.0">
    <ignored/>
  </testcase> <!-- @BeforeSuite log -->
  <testcase classname="com.MyStore.base.BaseClass" name="@BeforeTest loadConfig" time="0.0">
    <ignored/>
  </testcase> <!-- @BeforeTest loadConfig -->
  <testcase classname="com.MyStore.base.BaseClass" name="@BeforeTest loadConfig" time="0.0">
    <ignored/>
  </testcase> <!-- @BeforeTest loadConfig -->
  <testcase classname="com.MyStore.base.BaseClass" name="@BeforeTest loadConfig" time="0.0">
    <ignored/>
  </testcase> <!-- @BeforeTest loadConfig -->
  <testcase classname="com.MyStore.base.BaseClass" name="@BeforeTest loadConfig" time="0.0">
    <ignored/>
  </testcase> <!-- @BeforeTest loadConfig -->
  <testcase classname="com.MyStore.base.BaseClass" name="@BeforeTest loadConfig" time="0.0">
    <ignored/>
  </testcase> <!-- @BeforeTest loadConfig -->
  <testcase classname="com.MyStore.base.BaseClass" name="@BeforeTest loadConfig" time="0.0">
    <ignored/>
  </testcase> <!-- @BeforeTest loadConfig -->
  <testcase classname="com.MyStore.base.BaseClass" name="@BeforeTest loadConfig" time="0.0">
    <ignored/>
  </testcase> <!-- @BeforeTest loadConfig -->
</testsuite> <!-- Test_All -->
