<?xml version="1.0" encoding="UTF-8"?>
<!-- Generated by org.testng.reporters.JUnitXMLReporter -->
<testsuite ignored="11" hostname="TALAN-7N2T0B5" failures="0" tests="6" name="Test_Smoke" time="9.34" errors="0" timestamp="2022-08-18T15:19:53 WAT">
  <testcase classname="com.MyStore.TestCases.IndexPageTest" name="@BeforeMethod setup" time="3.569">
    <failure type="java.lang.NullPointerException" message="Cannot invoke &amp;quot;java.util.Properties.getProperty(String)&amp;quot; because &amp;quot;com.MyStore.base.BaseClass.prop&amp;quot; is null">
      <![CDATA[java.lang.NullPointerException: Cannot invoke "java.util.Properties.getProperty(String)" because "com.MyStore.base.BaseClass.prop" is null
at com.MyStore.base.BaseClass.launchApp(BaseClass.java:80)
at com.MyStore.TestCases.IndexPageTest.setup(IndexPageTest.java:25)
at java.base/java.util.ArrayList.forEach(ArrayList.java:1511)
... Removed 31 stack frames]]>
    </failure>
  </testcase> <!-- @BeforeMethod setup -->
  <testcase classname="com.MyStore.TestCases.IndexPageTest" name="@AfterMethod TearDown" time="-1.660832387386E9">
    <skipped/>
  </testcase> <!-- @AfterMethod TearDown -->
  <testcase classname="com.MyStore.TestCases.IndexPageTest" name="@BeforeMethod setup" time="-1.660832387388E9">
    <skipped/>
  </testcase> <!-- @BeforeMethod setup -->
  <testcase classname="com.MyStore.TestCases.IndexPageTest" name="@AfterMethod TearDown" time="-1.66083238739E9">
    <skipped/>
  </testcase> <!-- @AfterMethod TearDown -->
  <testcase classname="com.MyStore.TestCases.HomePageTest" name="@BeforeMethod setup" time="1.155">
    <failure type="java.lang.NullPointerException" message="Cannot invoke &amp;quot;java.util.Properties.getProperty(String)&amp;quot; because &amp;quot;com.MyStore.base.BaseClass.prop&amp;quot; is null">
      <![CDATA[java.lang.NullPointerException: Cannot invoke "java.util.Properties.getProperty(String)" because "com.MyStore.base.BaseClass.prop" is null
at com.MyStore.base.BaseClass.launchApp(BaseClass.java:80)
at com.MyStore.TestCases.HomePageTest.setup(HomePageTest.java:28)
at java.base/java.util.ArrayList.forEach(ArrayList.java:1511)
... Removed 31 stack frames]]>
    </failure>
  </testcase> <!-- @BeforeMethod setup -->
  <testcase classname="com.MyStore.TestCases.HomePageTest" name="@AfterMethod TearDown" time="-1.660832389099E9">
    <skipped/>
  </testcase> <!-- @AfterMethod TearDown -->
  <testcase classname="com.MyStore.TestCases.HomePageTest" name="@BeforeMethod setup" time="-1.660832389162E9">
    <skipped/>
  </testcase> <!-- @BeforeMethod setup -->
  <testcase classname="com.MyStore.TestCases.HomePageTest" name="@AfterMethod TearDown" time="-1.660832389168E9">
    <skipped/>
  </testcase> <!-- @AfterMethod TearDown -->
  <testcase classname="com.MyStore.TestCases.SearchResultPageTest" name="@BeforeMethod setup" time="1.518">
    <failure type="java.lang.NullPointerException" message="Cannot invoke &amp;quot;java.util.Properties.getProperty(String)&amp;quot; because &amp;quot;com.MyStore.base.BaseClass.prop&amp;quot; is null">
      <![CDATA[java.lang.NullPointerException: Cannot invoke "java.util.Properties.getProperty(String)" because "com.MyStore.base.BaseClass.prop" is null
at com.MyStore.base.BaseClass.launchApp(BaseClass.java:80)
at com.MyStore.TestCases.SearchResultPageTest.setup(SearchResultPageTest.java:24)
at java.base/java.util.ArrayList.forEach(ArrayList.java:1511)
... Removed 31 stack frames]]>
    </failure>
  </testcase> <!-- @BeforeMethod setup -->
  <testcase classname="com.MyStore.TestCases.SearchResultPageTest" name="@AfterMethod TearDown" time="-1.660832390753E9">
    <skipped/>
  </testcase> <!-- @AfterMethod TearDown -->
  <testcase classname="com.MyStore.TestCases.LoginPageTest" name="@BeforeMethod setup" time="2.269">
    <failure type="java.lang.NullPointerException" message="Cannot invoke &amp;quot;java.util.Properties.getProperty(String)&amp;quot; because &amp;quot;com.MyStore.base.BaseClass.prop&amp;quot; is null">
      <![CDATA[java.lang.NullPointerException: Cannot invoke "java.util.Properties.getProperty(String)" because "com.MyStore.base.BaseClass.prop" is null
at com.MyStore.base.BaseClass.launchApp(BaseClass.java:80)
at com.MyStore.TestCases.LoginPageTest.setup(LoginPageTest.java:29)
at java.base/java.util.ArrayList.forEach(ArrayList.java:1511)
... Removed 31 stack frames]]>
    </failure>
  </testcase> <!-- @BeforeMethod setup -->
  <testcase classname="com.MyStore.TestCases.LoginPageTest" name="@AfterMethod TearDown" time="-1.660832393114E9">
    <skipped/>
  </testcase> <!-- @AfterMethod TearDown -->
  <testcase classname="com.MyStore.TestCases.IndexPageTest" name="VerifyLogo" time="0.0">
    <skipped/>
  </testcase> <!-- VerifyLogo -->
  <testcase classname="com.MyStore.TestCases.IndexPageTest" name="VerifyTitle" time="0.0">
    <skipped/>
  </testcase> <!-- VerifyTitle -->
  <testcase classname="com.MyStore.TestCases.HomePageTest" name="OrderHistoryTest" time="0.0">
    <skipped/>
  </testcase> <!-- OrderHistoryTest -->
  <testcase classname="com.MyStore.TestCases.HomePageTest" name="WishListTest" time="0.0">
    <skipped/>
  </testcase> <!-- WishListTest -->
  <testcase classname="com.MyStore.TestCases.SearchResultPageTest" name="VerifyProduct" time="0.0">
    <skipped/>
  </testcase> <!-- VerifyProduct -->
  <testcase classname="com.MyStore.TestCases.LoginPageTest" name="LoginTest" time="0.0">
    <skipped/>
  </testcase> <!-- LoginTest -->
  <testcase classname="com.MyStore.TestCases.OrdrePageTest" name="ValidateUnitPrice" time="0.0">
    <ignored/>
  </testcase> <!-- ValidateUnitPrice -->
  <testcase classname="com.MyStore.base.BaseClass" name="@BeforeSuite log" time="0.0">
    <ignored/>
  </testcase> <!-- @BeforeSuite log -->
  <testcase classname="com.MyStore.base.BaseClass" name="@BeforeSuite log" time="0.0">
    <ignored/>
  </testcase> <!-- @BeforeSuite log -->
  <testcase classname="com.MyStore.base.BaseClass" name="@BeforeSuite log" time="0.0">
    <ignored/>
  </testcase> <!-- @BeforeSuite log -->
  <testcase classname="com.MyStore.base.BaseClass" name="@BeforeSuite log" time="0.0">
    <ignored/>
  </testcase> <!-- @BeforeSuite log -->
  <testcase classname="com.MyStore.base.BaseClass" name="@BeforeSuite log" time="0.0">
    <ignored/>
  </testcase> <!-- @BeforeSuite log -->
  <testcase classname="com.MyStore.base.BaseClass" name="@BeforeSuite log" time="0.0">
    <ignored/>
  </testcase> <!-- @BeforeSuite log -->
  <testcase classname="com.MyStore.base.BaseClass" name="@BeforeSuite log" time="0.0">
    <ignored/>
  </testcase> <!-- @BeforeSuite log -->
  <testcase classname="com.MyStore.TestCases.EndToEndTest" name="endToEndTest" time="0.0">
    <ignored/>
  </testcase> <!-- endToEndTest -->
  <testcase classname="com.MyStore.TestCases.AddToCartPageTest" name="addToCartTest" time="0.0">
    <ignored/>
  </testcase> <!-- addToCartTest -->
  <testcase classname="com.MyStore.TestCases.AccountCreationPageTest" name="VerifyCreatAcountPageTest" time="0.0">
    <ignored/>
  </testcase> <!-- VerifyCreatAcountPageTest -->
</testsuite> <!-- Test_Smoke -->
